0 info it worked if it ends with ok
1 verbose cli [ 'C:\\Program Files\\nodejs\\node.exe',
1 verbose cli   'C:\\Users\\Horacio\\AppData\\Roaming\\npm\\node_modules\\npm\\bin\\npm-cli.js',
1 verbose cli   'run',
1 verbose cli   'build:watch' ]
2 info using npm@4.0.5
3 info using node@v6.9.2
4 verbose run-script [ 'prebuild:watch', 'build:watch', 'postbuild:watch' ]
5 info lifecycle angular-hero-app@1.0.0~prebuild:watch: angular-hero-app@1.0.0
6 silly lifecycle angular-hero-app@1.0.0~prebuild:watch: no script for prebuild:watch, continuing
7 info lifecycle angular-hero-app@1.0.0~build:watch: angular-hero-app@1.0.0
8 verbose lifecycle angular-hero-app@1.0.0~build:watch: unsafe-perm in lifecycle true
9 verbose lifecycle angular-hero-app@1.0.0~build:watch: PATH: C:\Users\Horacio\AppData\Roaming\npm\node_modules\npm\bin\node-gyp-bin;D:\Server\Proyectos\angular2-hero-app\node_modules\.bin;C:\Users\Horacio\AppData\Roaming\npm\node_modules\npm\bin\node-gyp-bin;D:\Server\Proyectos\angular2-hero-app\node_modules\.bin;C:\Program Files\Git\mingw64\bin;C:\Program Files\Git\usr\bin;C:\Users\Horacio\bin;C:\Program Files (x86)\Intel\iCLS Client;C:\Program Files\Intel\iCLS Client;C:\ProgramData\Oracle\Java\javapath;C:\WINDOWS\system32;C:\WINDOWS;C:\WINDOWS\System32\Wbem;C:\WINDOWS\System32\WindowsPowerShell\v1.0;C:\Program Files\Intel\Intel(R) Management Engine Components\DAL;C:\Program Files\Intel\Intel(R) Management Engine Components\IPT;C:\Program Files (x86)\Intel\Intel(R) Management Engine Components\DAL;C:\Program Files (x86)\Intel\Intel(R) Management Engine Components\IPT;G:\xampp\php;D:\Server\Git\cmd;C:\Program Files\Microsoft SQL Server\110\Tools\Binn;C:\Program Files\Microsoft SQL Server\120\Tools\Binn;C:\Program Files\Java\jdk1.8.0_40\bin;D:\Server\Android\tools;D:\Server\Apache Ant;C:\Program Files (x86)\Windows Kits\8.1\Windows Performance Toolkit;C:\Program Files (x86)\NVIDIA Corporation\PhysX\Common;D:\Mis Documentos\amd\ATI.ACE\Core-Static;C:\Program Files (x86)\AMD\ATI.ACE\Core-Static;C:\Program Files\Microsoft\Web Platform Installer;C:\Program Files (x86)\Microsoft ASP.NET\ASP.NET Web Pages\v1.0;C:\WINDOWS\system32;C:\WINDOWS;C:\WINDOWS\System32\Wbem;C:\WINDOWS\System32\WindowsPowerShell\v1.0;C:\Program Files (x86)\Skype\Phone;C:\mongodb\bin\mongod.exe;D:\Server\Heroku\bin;C:\Program Files\cURL\bin;C:\Python27\python.exe;C:\phantomjs\bin\phantomjs.exe;C:\Program Files\nodejs;D:\Server\command;C:\Ruby22\bin;D:\Mis Documentos\Programas\Microsoft VS Code\bin;C:\mongodb\bin\mongod.exe;C:\Users\Horacio\AppData\Local\Microsoft\WindowsApps;C:\phantomjs\bin\phantomjs.exe;D:\Server\Globant\Sophos SSL VPN Client\bin;C:\Users\Horacio\AppData\Roaming\npm;D:\Server\Heroku\bin
10 verbose lifecycle angular-hero-app@1.0.0~build:watch: CWD: D:\Server\Proyectos\angular2-hero-app
11 silly lifecycle angular-hero-app@1.0.0~build:watch: Args: [ '/d /s /c', 'tsc -p src/ -w' ]
12 verbose stack Error: kill ENOSYS
12 verbose stack     at exports._errnoException (util.js:1022:11)
12 verbose stack     at process.kill (internal/process.js:172:13)
12 verbose stack     at process.listener (C:\Users\Horacio\AppData\Roaming\npm\node_modules\npm\node_modules\npmlog\node_modules\gauge\node_modules\signal-exit\index.js:86:15)
12 verbose stack     at emitNone (events.js:91:20)
12 verbose stack     at process.emit (events.js:185:7)
12 verbose stack     at processEmit (C:\Users\Horacio\AppData\Roaming\npm\node_modules\npm\node_modules\npmlog\node_modules\gauge\node_modules\signal-exit\index.js:146:32)
12 verbose stack     at processEmit (C:\Users\Horacio\AppData\Roaming\npm\node_modules\npm\node_modules\npm-registry-client\node_modules\npmlog\node_modules\gauge\node_modules\signal-exit\index.js:146:32)
12 verbose stack     at Signal.wrap.onsignal (internal/process.js:199:44)
13 verbose cwd D:\Server\Proyectos\angular2-hero-app
14 error Windows_NT 10.0.14393
15 error argv "C:\\Program Files\\nodejs\\node.exe" "C:\\Users\\Horacio\\AppData\\Roaming\\npm\\node_modules\\npm\\bin\\npm-cli.js" "run" "build:watch"
16 error node v6.9.2
17 error npm  v4.0.5
18 error code ENOSYS
19 error errno ENOSYS
20 error syscall kill
21 error kill ENOSYS
22 error If you need help, you may report this error at:
22 error     <https://github.com/npm/npm/issues>
23 verbose exit [ 1, true ]
